<?xml version="1.0" encoding="UTF-8"?>
<testsuite name="com.truevoice.truevoice.TruevoiceApplicationTests" tests="1" skipped="0" failures="0" errors="0" timestamp="2024-10-18T19:38:57" hostname="Melissas-Air" time="0.524">
  <properties/>
  <testcase name="contextLoads()" classname="com.truevoice.truevoice.TruevoiceApplicationTests" time="0.524"/>
  <system-out><![CDATA[15:38:56.417 [Test worker] INFO org.springframework.test.context.support.AnnotationConfigContextLoaderUtils -- Could not detect default configuration classes for test class [com.truevoice.truevoice.TruevoiceApplicationTests]: TruevoiceApplicationTests does not declare any static, non-private, non-final, nested classes annotated with @Configuration.
15:38:56.503 [Test worker] INFO org.springframework.boot.test.context.SpringBootTestContextBootstrapper -- Found @SpringBootConfiguration com.truevoice.truevoice.TruevoiceApplication for test class com.truevoice.truevoice.TruevoiceApplicationTests

  .   ____          _            __ _ _
 /\\ / ___'_ __ _ _(_)_ __  __ _ \ \ \ \
( ( )\___ | '_ | '_| | '_ \/ _` | \ \ \ \
 \\/  ___)| |_)| | | | | || (_| |  ) ) ) )
  '  |____| .__|_| |_|_| |_\__, | / / / /
 =========|_|==============|___/=/_/_/_/

 :: Spring Boot ::                (v3.3.4)

2024-10-18T15:38:56.737-04:00  INFO 18710 --- [    Test worker] c.t.truevoice.TruevoiceApplicationTests  : Starting TruevoiceApplicationTests using Java 17.0.12 with PID 18710 (started by melisanz in /Users/melisanz/Downloads/FALL_2024/CSE416/truevoice/Backend/truevoiceSpring)
2024-10-18T15:38:56.738-04:00  INFO 18710 --- [    Test worker] c.t.truevoice.TruevoiceApplicationTests  : No active profile set, falling back to 1 default profile: "default"
2024-10-18T15:38:57.097-04:00  INFO 18710 --- [    Test worker] .s.d.r.c.RepositoryConfigurationDelegate : Bootstrapping Spring Data MongoDB repositories in DEFAULT mode.
2024-10-18T15:38:57.130-04:00  INFO 18710 --- [    Test worker] .s.d.r.c.RepositoryConfigurationDelegate : Finished Spring Data repository scanning in 29 ms. Found 1 MongoDB repository interface.
2024-10-18T15:38:57.406-04:00  INFO 18710 --- [y7k.mongodb.net] org.mongodb.driver.cluster               : Adding discovered server giantscluster-shard-00-02.spy7k.mongodb.net:27017 to client view of cluster
2024-10-18T15:38:57.407-04:00  INFO 18710 --- [    Test worker] org.mongodb.driver.client                : MongoClient with metadata {"application": {"name": "GiantsCluster"}, "driver": {"name": "mongo-java-driver|sync|spring-boot", "version": "5.0.1"}, "os": {"type": "Darwin", "name": "Mac OS X", "architecture": "aarch64", "version": "14.6.1"}, "platform": "Java/Homebrew/17.0.12+0"} created with settings MongoClientSettings{readPreference=primary, writeConcern=WriteConcern{w=majority, wTimeout=null ms, journal=null}, retryWrites=true, retryReads=true, readConcern=ReadConcern{level=null}, credential=MongoCredential{mechanism=null, userName='hkwak60', source='admin', password=<hidden>, mechanismProperties=<hidden>}, transportSettings=null, commandListeners=[], codecRegistry=ProvidersCodecRegistry{codecProviders=[ValueCodecProvider{}, BsonValueCodecProvider{}, DBRefCodecProvider{}, DBObjectCodecProvider{}, DocumentCodecProvider{}, CollectionCodecProvider{}, IterableCodecProvider{}, MapCodecProvider{}, GeoJsonCodecProvider{}, GridFSFileCodecProvider{}, Jsr310CodecProvider{}, JsonObjectCodecProvider{}, BsonCodecProvider{}, EnumCodecProvider{}, com.mongodb.client.model.mql.ExpressionCodecProvider@66c9b52f, com.mongodb.Jep395RecordCodecProvider@1536ea40, com.mongodb.KotlinCodecProvider@36776c32]}, loggerSettings=LoggerSettings{maxDocumentLength=1000}, clusterSettings={hosts=[127.0.0.1:27017], srvHost=giantscluster.spy7k.mongodb.net, srvServiceName=mongodb, mode=MULTIPLE, requiredClusterType=REPLICA_SET, requiredReplicaSetName='atlas-casi1b-shard-0', serverSelector='null', clusterListeners='[]', serverSelectionTimeout='30000 ms', localThreshold='15 ms'}, socketSettings=SocketSettings{connectTimeoutMS=10000, readTimeoutMS=0, receiveBufferSize=0, proxySettings=ProxySettings{host=null, port=null, username=null, password=null}}, heartbeatSocketSettings=SocketSettings{connectTimeoutMS=10000, readTimeoutMS=10000, receiveBufferSize=0, proxySettings=ProxySettings{host=null, port=null, username=null, password=null}}, connectionPoolSettings=ConnectionPoolSettings{maxSize=100, minSize=0, maxWaitTimeMS=120000, maxConnectionLifeTimeMS=0, maxConnectionIdleTimeMS=0, maintenanceInitialDelayMS=0, maintenanceFrequencyMS=60000, connectionPoolListeners=[], maxConnecting=2}, serverSettings=ServerSettings{heartbeatFrequencyMS=10000, minHeartbeatFrequencyMS=500, serverListeners='[]', serverMonitorListeners='[]'}, sslSettings=SslSettings{enabled=true, invalidHostNameAllowed=false, context=null}, applicationName='GiantsCluster', compressorList=[], uuidRepresentation=JAVA_LEGACY, serverApi=null, autoEncryptionSettings=null, dnsClient=null, inetAddressResolver=null, contextProvider=null}
2024-10-18T15:38:57.421-04:00  INFO 18710 --- [y7k.mongodb.net] org.mongodb.driver.cluster               : Adding discovered server giantscluster-shard-00-00.spy7k.mongodb.net:27017 to client view of cluster
2024-10-18T15:38:57.424-04:00  INFO 18710 --- [y7k.mongodb.net] org.mongodb.driver.cluster               : Adding discovered server giantscluster-shard-00-01.spy7k.mongodb.net:27017 to client view of cluster
2024-10-18T15:38:57.901-04:00  INFO 18710 --- [ngodb.net:27017] org.mongodb.driver.cluster               : Monitor thread successfully connected to server with description ServerDescription{address=giantscluster-shard-00-00.spy7k.mongodb.net:27017, type=REPLICA_SET_SECONDARY, state=CONNECTED, ok=true, minWireVersion=0, maxWireVersion=21, maxDocumentSize=16777216, logicalSessionTimeoutMinutes=30, roundTripTimeNanos=258917834, setName='atlas-casi1b-shard-0', canonicalAddress=giantscluster-shard-00-00.spy7k.mongodb.net:27017, hosts=[giantscluster-shard-00-00.spy7k.mongodb.net:27017, giantscluster-shard-00-02.spy7k.mongodb.net:27017, giantscluster-shard-00-01.spy7k.mongodb.net:27017], passives=[], arbiters=[], primary='giantscluster-shard-00-01.spy7k.mongodb.net:27017', tagSet=TagSet{[Tag{name='availabilityZone', value='use1-az4'}, Tag{name='diskState', value='READY'}, Tag{name='nodeType', value='ELECTABLE'}, Tag{name='provider', value='AWS'}, Tag{name='region', value='US_EAST_1'}, Tag{name='workloadType', value='OPERATIONAL'}]}, electionId=null, setVersion=258, topologyVersion=TopologyVersion{processId=6710dac3501fae1f3d10d00e, counter=4}, lastWriteDate=Fri Oct 18 15:38:57 EDT 2024, lastUpdateTimeNanos=63883525554250}
2024-10-18T15:38:57.901-04:00  INFO 18710 --- [ngodb.net:27017] org.mongodb.driver.cluster               : Monitor thread successfully connected to server with description ServerDescription{address=giantscluster-shard-00-01.spy7k.mongodb.net:27017, type=REPLICA_SET_PRIMARY, state=CONNECTED, ok=true, minWireVersion=0, maxWireVersion=21, maxDocumentSize=16777216, logicalSessionTimeoutMinutes=30, roundTripTimeNanos=268257000, setName='atlas-casi1b-shard-0', canonicalAddress=giantscluster-shard-00-01.spy7k.mongodb.net:27017, hosts=[giantscluster-shard-00-00.spy7k.mongodb.net:27017, giantscluster-shard-00-02.spy7k.mongodb.net:27017, giantscluster-shard-00-01.spy7k.mongodb.net:27017], passives=[], arbiters=[], primary='giantscluster-shard-00-01.spy7k.mongodb.net:27017', tagSet=TagSet{[Tag{name='availabilityZone', value='use1-az6'}, Tag{name='diskState', value='READY'}, Tag{name='nodeType', value='ELECTABLE'}, Tag{name='provider', value='AWS'}, Tag{name='region', value='US_EAST_1'}, Tag{name='workloadType', value='OPERATIONAL'}]}, electionId=7fffffff00000000000001b7, setVersion=258, topologyVersion=TopologyVersion{processId=6710d9a7b5af863f4e25c085, counter=6}, lastWriteDate=Fri Oct 18 15:38:57 EDT 2024, lastUpdateTimeNanos=63883525453500}
2024-10-18T15:38:57.901-04:00  INFO 18710 --- [ngodb.net:27017] org.mongodb.driver.cluster               : Monitor thread successfully connected to server with description ServerDescription{address=giantscluster-shard-00-02.spy7k.mongodb.net:27017, type=REPLICA_SET_SECONDARY, state=CONNECTED, ok=true, minWireVersion=0, maxWireVersion=21, maxDocumentSize=16777216, logicalSessionTimeoutMinutes=30, roundTripTimeNanos=258951917, setName='atlas-casi1b-shard-0', canonicalAddress=giantscluster-shard-00-02.spy7k.mongodb.net:27017, hosts=[giantscluster-shard-00-00.spy7k.mongodb.net:27017, giantscluster-shard-00-02.spy7k.mongodb.net:27017, giantscluster-shard-00-01.spy7k.mongodb.net:27017], passives=[], arbiters=[], primary='giantscluster-shard-00-01.spy7k.mongodb.net:27017', tagSet=TagSet{[Tag{name='availabilityZone', value='use1-az1'}, Tag{name='diskState', value='READY'}, Tag{name='nodeType', value='ELECTABLE'}, Tag{name='provider', value='AWS'}, Tag{name='region', value='US_EAST_1'}, Tag{name='workloadType', value='OPERATIONAL'}]}, electionId=null, setVersion=258, topologyVersion=TopologyVersion{processId=6710dc1f20d803cfc384a8c3, counter=3}, lastWriteDate=Fri Oct 18 15:38:57 EDT 2024, lastUpdateTimeNanos=63883525475291}
2024-10-18T15:38:57.904-04:00  INFO 18710 --- [ngodb.net:27017] org.mongodb.driver.cluster               : Discovered replica set primary giantscluster-shard-00-01.spy7k.mongodb.net:27017 with max election id 7fffffff00000000000001b7 and max set version 258
2024-10-18T15:38:57.943-04:00  INFO 18710 --- [    Test worker] c.t.truevoice.TruevoiceApplicationTests  : Started TruevoiceApplicationTests in 1.357 seconds (process running for 2.063)
]]></system-out>
  <system-err><![CDATA[]]></system-err>
</testsuite>
